<?xml version="1.0" encoding="UTF-8"?>
<testsuite name="FizzBuzztest" tests="1" skipped="0" failures="0" errors="0" timestamp="2022-06-29T19:43:49" hostname="LAPTOP-KUKBJCC2" time="0.003">
  <properties/>
  <testcase name="shouldreturnnumberifnumberisdivisibleby3nor5" classname="FizzBuzztest" time="0.003"/>
  <system-out><![CDATA[]]></system-out>
  <system-err><![CDATA[]]></system-err>
</testsuite>
